<?xml version="1.0" encoding="UTF-8"?>
<testsuite xmlns:xsi="http://www.w3.org/2001/XMLSchema-instance" xsi:noNamespaceSchemaLocation="https://maven.apache.org/surefire/maven-surefire-plugin/xsd/surefire-test-report-3.0.xsd" version="3.0" name="cucumberRunnerTest" time="22.149" tests="1" errors="0" skipped="0" failures="0">
  <properties>
    <property name="java.specification.version" value="18"/>
    <property name="webdriver.chrome.driver" value="/home/jgunter/.cache/selenium/chromedriver/linux64/106.0.5249.61/chromedriver"/>
    <property name="sun.jnu.encoding" value="UTF-8"/>
    <property name="java.class.path" value="/home/jgunter/healeniumTestingRepo/target/test-classes:/home/jgunter/healeniumTestingRepo/target/classes:/home/jgunter/.m2/repository/io/cucumber/gherkin/24.0.0/gherkin-24.0.0.jar:/home/jgunter/.m2/repository/io/cucumber/messages/19.1.4/messages-19.1.4.jar:/home/jgunter/.m2/repository/io/cucumber/cucumber-groovy/6.10.4/cucumber-groovy-6.10.4.jar:/home/jgunter/.m2/repository/com/google/auto/service/auto-service/1.0-rc6/auto-service-1.0-rc6.jar:/home/jgunter/.m2/repository/com/google/auto/auto-common/0.10/auto-common-0.10.jar:/home/jgunter/.m2/repository/io/cucumber/cucumber-junit/7.8.0/cucumber-junit-7.8.0.jar:/home/jgunter/.m2/repository/org/apiguardian/apiguardian-api/1.1.2/apiguardian-api-1.1.2.jar:/home/jgunter/.m2/repository/io/cucumber/cucumber-junit-platform-engine/7.8.0/cucumber-junit-platform-engine-7.8.0.jar:/home/jgunter/.m2/repository/org/junit/platform/junit-platform-engine/1.9.0/junit-platform-engine-1.9.0.jar:/home/jgunter/.m2/repository/org/opentest4j/opentest4j/1.2.0/opentest4j-1.2.0.jar:/home/jgunter/.m2/repository/org/junit/platform/junit-platform-commons/1.9.0/junit-platform-commons-1.9.0.jar:/home/jgunter/.m2/repository/io/cucumber/cucumber-java/7.8.0/cucumber-java-7.8.0.jar:/home/jgunter/.m2/repository/io/cucumber/cucumber-core/7.8.0/cucumber-core-7.8.0.jar:/home/jgunter/.m2/repository/io/cucumber/cucumber-gherkin/7.8.0/cucumber-gherkin-7.8.0.jar:/home/jgunter/.m2/repository/io/cucumber/cucumber-gherkin-messages/7.8.0/cucumber-gherkin-messages-7.8.0.jar:/home/jgunter/.m2/repository/io/cucumber/tag-expressions/4.1.0/tag-expressions-4.1.0.jar:/home/jgunter/.m2/repository/io/cucumber/cucumber-expressions/16.0.0/cucumber-expressions-16.0.0.jar:/home/jgunter/.m2/repository/io/cucumber/datatable/7.8.0/datatable-7.8.0.jar:/home/jgunter/.m2/repository/io/cucumber/cucumber-plugin/7.8.0/cucumber-plugin-7.8.0.jar:/home/jgunter/.m2/repository/io/cucumber/docstring/7.8.0/docstring-7.8.0.jar:/home/jgunter/.m2/repository/io/cucumber/html-formatter/20.1.0/html-formatter-20.1.0.jar:/home/jgunter/.m2/repository/io/cucumber/ci-environment/9.1.0/ci-environment-9.1.0.jar:/home/jgunter/.m2/repository/net/masterthought/cucumber-reporting/5.7.2/cucumber-reporting-5.7.2.jar:/home/jgunter/.m2/repository/com/fasterxml/jackson/core/jackson-databind/2.13.2.2/jackson-databind-2.13.2.2.jar:/home/jgunter/.m2/repository/com/fasterxml/jackson/core/jackson-annotations/2.13.2/jackson-annotations-2.13.2.jar:/home/jgunter/.m2/repository/com/fasterxml/jackson/core/jackson-core/2.13.2/jackson-core-2.13.2.jar:/home/jgunter/.m2/repository/com/fasterxml/jackson/datatype/jackson-datatype-jsr310/2.13.2/jackson-datatype-jsr310-2.13.2.jar:/home/jgunter/.m2/repository/org/apache/velocity/velocity-engine-core/2.3/velocity-engine-core-2.3.jar:/home/jgunter/.m2/repository/commons-collections/commons-collections/3.2.2/commons-collections-3.2.2.jar:/home/jgunter/.m2/repository/joda-time/joda-time/2.10.14/joda-time-2.10.14.jar:/home/jgunter/.m2/repository/org/apache/commons/commons-lang3/3.12.0/commons-lang3-3.12.0.jar:/home/jgunter/.m2/repository/commons-io/commons-io/2.7/commons-io-2.7.jar:/home/jgunter/.m2/repository/org/codehaus/plexus/plexus-utils/3.4.2/plexus-utils-3.4.2.jar:/home/jgunter/.m2/repository/org/jsoup/jsoup/1.15.1/jsoup-1.15.1.jar:/home/jgunter/.m2/repository/com/google/guava/guava/31.1-jre/guava-31.1-jre.jar:/home/jgunter/.m2/repository/com/google/guava/failureaccess/1.0.1/failureaccess-1.0.1.jar:/home/jgunter/.m2/repository/com/google/guava/listenablefuture/9999.0-empty-to-avoid-conflict-with-guava/listenablefuture-9999.0-empty-to-avoid-conflict-with-guava.jar:/home/jgunter/.m2/repository/com/google/code/findbugs/jsr305/3.0.2/jsr305-3.0.2.jar:/home/jgunter/.m2/repository/org/checkerframework/checker-qual/3.12.0/checker-qual-3.12.0.jar:/home/jgunter/.m2/repository/com/google/errorprone/error_prone_annotations/2.11.0/error_prone_annotations-2.11.0.jar:/home/jgunter/.m2/repository/com/google/j2objc/j2objc-annotations/1.3/j2objc-annotations-1.3.jar:/home/jgunter/.m2/repository/com/googlecode/owasp-java-html-sanitizer/owasp-java-html-sanitizer/20211018.2/owasp-java-html-sanitizer-20211018.2.jar:/home/jgunter/.m2/repository/commons-configuration/commons-configuration/1.10/commons-configuration-1.10.jar:/home/jgunter/.m2/repository/commons-lang/commons-lang/2.6/commons-lang-2.6.jar:/home/jgunter/.m2/repository/commons-logging/commons-logging/1.1.1/commons-logging-1.1.1.jar:/home/jgunter/.m2/repository/junit/junit/4.13.2/junit-4.13.2.jar:/home/jgunter/.m2/repository/org/hamcrest/hamcrest-core/1.3/hamcrest-core-1.3.jar:/home/jgunter/.m2/repository/org/junit/vintage/junit-vintage-engine/5.9.0/junit-vintage-engine-5.9.0.jar:/home/jgunter/.m2/repository/org/junit/platform/junit-platform-suite/1.9.0/junit-platform-suite-1.9.0.jar:/home/jgunter/.m2/repository/org/junit/platform/junit-platform-suite-api/1.9.0/junit-platform-suite-api-1.9.0.jar:/home/jgunter/.m2/repository/org/junit/platform/junit-platform-suite-engine/1.9.0/junit-platform-suite-engine-1.9.0.jar:/home/jgunter/.m2/repository/org/junit/platform/junit-platform-suite-commons/1.9.0/junit-platform-suite-commons-1.9.0.jar:/home/jgunter/.m2/repository/org/junit/jupiter/junit-jupiter-engine/5.9.0/junit-jupiter-engine-5.9.0.jar:/home/jgunter/.m2/repository/org/junit/jupiter/junit-jupiter-api/5.9.0/junit-jupiter-api-5.9.0.jar:/home/jgunter/.m2/repository/org/junit/jupiter/junit-jupiter/5.9.0/junit-jupiter-5.9.0.jar:/home/jgunter/.m2/repository/org/junit/jupiter/junit-jupiter-params/5.9.0/junit-jupiter-params-5.9.0.jar:/home/jgunter/.m2/repository/org/seleniumhq/selenium/selenium-api/4.3.0/selenium-api-4.3.0.jar:/home/jgunter/.m2/repository/org/seleniumhq/selenium/selenium-support/4.3.0/selenium-support-4.3.0.jar:/home/jgunter/.m2/repository/com/google/auto/service/auto-service-annotations/1.0.1/auto-service-annotations-1.0.1.jar:/home/jgunter/.m2/repository/net/bytebuddy/byte-buddy/1.12.10/byte-buddy-1.12.10.jar:/home/jgunter/.m2/repository/org/seleniumhq/selenium/selenium-json/4.3.0/selenium-json-4.3.0.jar:/home/jgunter/.m2/repository/org/seleniumhq/selenium/selenium-remote-driver/4.3.0/selenium-remote-driver-4.3.0.jar:/home/jgunter/.m2/repository/com/beust/jcommander/1.82/jcommander-1.82.jar:/home/jgunter/.m2/repository/io/netty/netty-buffer/4.1.78.Final/netty-buffer-4.1.78.Final.jar:/home/jgunter/.m2/repository/io/netty/netty-codec-http/4.1.78.Final/netty-codec-http-4.1.78.Final.jar:/home/jgunter/.m2/repository/io/netty/netty-codec/4.1.78.Final/netty-codec-4.1.78.Final.jar:/home/jgunter/.m2/repository/io/netty/netty-handler/4.1.78.Final/netty-handler-4.1.78.Final.jar:/home/jgunter/.m2/repository/io/netty/netty-common/4.1.78.Final/netty-common-4.1.78.Final.jar:/home/jgunter/.m2/repository/io/netty/netty-transport-classes-epoll/4.1.78.Final/netty-transport-classes-epoll-4.1.78.Final.jar:/home/jgunter/.m2/repository/io/netty/netty-transport-classes-kqueue/4.1.78.Final/netty-transport-classes-kqueue-4.1.78.Final.jar:/home/jgunter/.m2/repository/io/netty/netty-transport-native-epoll/4.1.78.Final/netty-transport-native-epoll-4.1.78.Final.jar:/home/jgunter/.m2/repository/io/netty/netty-transport-native-kqueue/4.1.78.Final/netty-transport-native-kqueue-4.1.78.Final.jar:/home/jgunter/.m2/repository/io/netty/netty-transport-native-unix-common/4.1.78.Final/netty-transport-native-unix-common-4.1.78.Final.jar:/home/jgunter/.m2/repository/io/netty/netty-transport/4.1.78.Final/netty-transport-4.1.78.Final.jar:/home/jgunter/.m2/repository/io/netty/netty-resolver/4.1.78.Final/netty-resolver-4.1.78.Final.jar:/home/jgunter/.m2/repository/io/opentelemetry/opentelemetry-api/1.15.0/opentelemetry-api-1.15.0.jar:/home/jgunter/.m2/repository/io/opentelemetry/opentelemetry-context/1.15.0/opentelemetry-context-1.15.0.jar:/home/jgunter/.m2/repository/io/opentelemetry/opentelemetry-exporter-logging/1.15.0/opentelemetry-exporter-logging-1.15.0.jar:/home/jgunter/.m2/repository/io/opentelemetry/opentelemetry-sdk-metrics/1.15.0/opentelemetry-sdk-metrics-1.15.0.jar:/home/jgunter/.m2/repository/io/opentelemetry/opentelemetry-sdk-logs/1.15.0-alpha/opentelemetry-sdk-logs-1.15.0-alpha.jar:/home/jgunter/.m2/repository/io/opentelemetry/opentelemetry-sdk-common/1.15.0/opentelemetry-sdk-common-1.15.0.jar:/home/jgunter/.m2/repository/io/opentelemetry/opentelemetry-sdk-extension-autoconfigure-spi/1.15.0/opentelemetry-sdk-extension-autoconfigure-spi-1.15.0.jar:/home/jgunter/.m2/repository/io/opentelemetry/opentelemetry-sdk-extension-autoconfigure/1.15.0-alpha/opentelemetry-sdk-extension-autoconfigure-1.15.0-alpha.jar:/home/jgunter/.m2/repository/io/opentelemetry/opentelemetry-sdk-trace/1.15.0/opentelemetry-sdk-trace-1.15.0.jar:/home/jgunter/.m2/repository/io/opentelemetry/opentelemetry-sdk/1.15.0/opentelemetry-sdk-1.15.0.jar:/home/jgunter/.m2/repository/io/opentelemetry/opentelemetry-semconv/1.15.0-alpha/opentelemetry-semconv-1.15.0-alpha.jar:/home/jgunter/.m2/repository/io/ous/jtoml/2.0.0/jtoml-2.0.0.jar:/home/jgunter/.m2/repository/org/apache/commons/commons-exec/1.3/commons-exec-1.3.jar:/home/jgunter/.m2/repository/org/asynchttpclient/async-http-client/2.12.3/async-http-client-2.12.3.jar:/home/jgunter/.m2/repository/org/asynchttpclient/async-http-client-netty-utils/2.12.3/async-http-client-netty-utils-2.12.3.jar:/home/jgunter/.m2/repository/io/netty/netty-codec-socks/4.1.60.Final/netty-codec-socks-4.1.60.Final.jar:/home/jgunter/.m2/repository/io/netty/netty-handler-proxy/4.1.60.Final/netty-handler-proxy-4.1.60.Final.jar:/home/jgunter/.m2/repository/io/netty/netty-transport-native-epoll/4.1.60.Final/netty-transport-native-epoll-4.1.60.Final-linux-x86_64.jar:/home/jgunter/.m2/repository/io/netty/netty-transport-native-kqueue/4.1.60.Final/netty-transport-native-kqueue-4.1.60.Final-osx-x86_64.jar:/home/jgunter/.m2/repository/org/reactivestreams/reactive-streams/1.0.3/reactive-streams-1.0.3.jar:/home/jgunter/.m2/repository/com/typesafe/netty/netty-reactive-streams/2.0.4/netty-reactive-streams-2.0.4.jar:/home/jgunter/.m2/repository/com/sun/activation/jakarta.activation/1.2.2/jakarta.activation-1.2.2.jar:/home/jgunter/.m2/repository/org/seleniumhq/selenium/selenium-http/4.3.0/selenium-http-4.3.0.jar:/home/jgunter/.m2/repository/dev/failsafe/failsafe/3.2.4/failsafe-3.2.4.jar:/home/jgunter/.m2/repository/org/seleniumhq/selenium/selenium-java/4.3.0/selenium-java-4.3.0.jar:/home/jgunter/.m2/repository/org/seleniumhq/selenium/selenium-devtools-v101/4.3.0/selenium-devtools-v101-4.3.0.jar:/home/jgunter/.m2/repository/org/seleniumhq/selenium/selenium-devtools-v102/4.3.0/selenium-devtools-v102-4.3.0.jar:/home/jgunter/.m2/repository/org/seleniumhq/selenium/selenium-devtools-v103/4.3.0/selenium-devtools-v103-4.3.0.jar:/home/jgunter/.m2/repository/org/seleniumhq/selenium/selenium-devtools-v85/4.3.0/selenium-devtools-v85-4.3.0.jar:/home/jgunter/.m2/repository/org/seleniumhq/selenium/selenium-edge-driver/4.3.0/selenium-edge-driver-4.3.0.jar:/home/jgunter/.m2/repository/org/seleniumhq/selenium/selenium-firefox-driver/4.3.0/selenium-firefox-driver-4.3.0.jar:/home/jgunter/.m2/repository/org/seleniumhq/selenium/selenium-ie-driver/4.3.0/selenium-ie-driver-4.3.0.jar:/home/jgunter/.m2/repository/org/seleniumhq/selenium/selenium-opera-driver/4.3.0/selenium-opera-driver-4.3.0.jar:/home/jgunter/.m2/repository/org/seleniumhq/selenium/selenium-safari-driver/4.3.0/selenium-safari-driver-4.3.0.jar:/home/jgunter/.m2/repository/org/seleniumhq/selenium/selenium-chrome-driver/4.3.0/selenium-chrome-driver-4.3.0.jar:/home/jgunter/.m2/repository/org/seleniumhq/selenium/selenium-chromium-driver/4.3.0/selenium-chromium-driver-4.3.0.jar:/home/jgunter/.m2/repository/io/github/bonigarcia/webdrivermanager/5.3.0/webdrivermanager-5.3.0.jar:/home/jgunter/.m2/repository/org/slf4j/slf4j-api/1.7.36/slf4j-api-1.7.36.jar:/home/jgunter/.m2/repository/com/google/code/gson/gson/2.9.1/gson-2.9.1.jar:/home/jgunter/.m2/repository/com/github/docker-java/docker-java/3.2.13/docker-java-3.2.13.jar:/home/jgunter/.m2/repository/com/github/docker-java/docker-java-core/3.2.13/docker-java-core-3.2.13.jar:/home/jgunter/.m2/repository/com/github/docker-java/docker-java-api/3.2.13/docker-java-api-3.2.13.jar:/home/jgunter/.m2/repository/org/apache/commons/commons-compress/1.21/commons-compress-1.21.jar:/home/jgunter/.m2/repository/org/bouncycastle/bcpkix-jdk15on/1.64/bcpkix-jdk15on-1.64.jar:/home/jgunter/.m2/repository/org/bouncycastle/bcprov-jdk15on/1.64/bcprov-jdk15on-1.64.jar:/home/jgunter/.m2/repository/org/slf4j/jcl-over-slf4j/1.7.30/jcl-over-slf4j-1.7.30.jar:/home/jgunter/.m2/repository/com/github/docker-java/docker-java-transport-httpclient5/3.2.13/docker-java-transport-httpclient5-3.2.13.jar:/home/jgunter/.m2/repository/com/github/docker-java/docker-java-transport/3.2.13/docker-java-transport-3.2.13.jar:/home/jgunter/.m2/repository/net/java/dev/jna/jna/5.8.0/jna-5.8.0.jar:/home/jgunter/.m2/repository/org/brotli/dec/0.1.2/dec-0.1.2.jar:/home/jgunter/.m2/repository/org/apache/httpcomponents/client5/httpclient5/5.1.3/httpclient5-5.1.3.jar:/home/jgunter/.m2/repository/org/apache/httpcomponents/core5/httpcore5/5.1.3/httpcore5-5.1.3.jar:/home/jgunter/.m2/repository/org/apache/httpcomponents/core5/httpcore5-h2/5.1.3/httpcore5-h2-5.1.3.jar:/home/jgunter/.m2/repository/org/apache/directory/studio/org.apache.commons.io/2.4/org.apache.commons.io-2.4.jar:/home/jgunter/.m2/repository/org/codehaus/groovy/groovy/3.0.12/groovy-3.0.12.jar:/home/jgunter/.m2/repository/org/codehaus/groovy/groovy-ant/3.0.12/groovy-ant-3.0.12.jar:/home/jgunter/.m2/repository/org/apache/ant/ant/1.10.12/ant-1.10.12.jar:/home/jgunter/.m2/repository/org/apache/ant/ant-junit/1.10.12/ant-junit-1.10.12.jar:/home/jgunter/.m2/repository/org/apache/ant/ant-launcher/1.10.12/ant-launcher-1.10.12.jar:/home/jgunter/.m2/repository/org/apache/ant/ant-antlr/1.10.12/ant-antlr-1.10.12.jar:/home/jgunter/.m2/repository/org/codehaus/groovy/groovy-astbuilder/3.0.12/groovy-astbuilder-3.0.12.jar:/home/jgunter/.m2/repository/org/codehaus/groovy/groovy-cli-picocli/3.0.12/groovy-cli-picocli-3.0.12.jar:/home/jgunter/.m2/repository/info/picocli/picocli/4.6.3/picocli-4.6.3.jar:/home/jgunter/.m2/repository/org/codehaus/groovy/groovy-console/3.0.12/groovy-console-3.0.12.jar:/home/jgunter/.m2/repository/org/codehaus/groovy/groovy-datetime/3.0.12/groovy-datetime-3.0.12.jar:/home/jgunter/.m2/repository/org/codehaus/groovy/groovy-docgenerator/3.0.12/groovy-docgenerator-3.0.12.jar:/home/jgunter/.m2/repository/com/thoughtworks/qdox/qdox/1.12.1/qdox-1.12.1.jar:/home/jgunter/.m2/repository/org/codehaus/groovy/groovy-groovydoc/3.0.12/groovy-groovydoc-3.0.12.jar:/home/jgunter/.m2/repository/com/github/javaparser/javaparser-core/3.24.2/javaparser-core-3.24.2.jar:/home/jgunter/.m2/repository/org/codehaus/groovy/groovy-groovysh/3.0.12/groovy-groovysh-3.0.12.jar:/home/jgunter/.m2/repository/jline/jline/2.14.6/jline-2.14.6.jar:/home/jgunter/.m2/repository/org/codehaus/groovy/groovy-jmx/3.0.12/groovy-jmx-3.0.12.jar:/home/jgunter/.m2/repository/org/codehaus/groovy/groovy-json/3.0.12/groovy-json-3.0.12.jar:/home/jgunter/.m2/repository/org/codehaus/groovy/groovy-jsr223/3.0.12/groovy-jsr223-3.0.12.jar:/home/jgunter/.m2/repository/org/codehaus/groovy/groovy-macro/3.0.12/groovy-macro-3.0.12.jar:/home/jgunter/.m2/repository/org/codehaus/groovy/groovy-nio/3.0.12/groovy-nio-3.0.12.jar:/home/jgunter/.m2/repository/org/codehaus/groovy/groovy-servlet/3.0.12/groovy-servlet-3.0.12.jar:/home/jgunter/.m2/repository/org/codehaus/groovy/groovy-sql/3.0.12/groovy-sql-3.0.12.jar:/home/jgunter/.m2/repository/org/codehaus/groovy/groovy-swing/3.0.12/groovy-swing-3.0.12.jar:/home/jgunter/.m2/repository/org/codehaus/groovy/groovy-templates/3.0.12/groovy-templates-3.0.12.jar:/home/jgunter/.m2/repository/org/codehaus/groovy/groovy-test/3.0.12/groovy-test-3.0.12.jar:/home/jgunter/.m2/repository/org/codehaus/groovy/groovy-test-junit5/3.0.12/groovy-test-junit5-3.0.12.jar:/home/jgunter/.m2/repository/org/junit/platform/junit-platform-launcher/1.8.2/junit-platform-launcher-1.8.2.jar:/home/jgunter/.m2/repository/org/codehaus/groovy/groovy-testng/3.0.12/groovy-testng-3.0.12.jar:/home/jgunter/.m2/repository/org/testng/testng/7.5/testng-7.5.jar:/home/jgunter/.m2/repository/org/webjars/jquery/3.5.1/jquery-3.5.1.jar:/home/jgunter/.m2/repository/org/codehaus/groovy/groovy-xml/3.0.12/groovy-xml-3.0.12.jar:/home/jgunter/.m2/repository/com/epam/healenium/healenium-web/3.3.0/healenium-web-3.3.0.jar:/home/jgunter/.m2/repository/org/apache/maven/plugins/maven-surefire-plugin/3.0.0-M5/maven-surefire-plugin-3.0.0-M5.jar:/home/jgunter/.m2/repository/org/apache/maven/surefire/maven-surefire-common/3.0.0-M5/maven-surefire-common-3.0.0-M5.jar:/home/jgunter/.m2/repository/org/apache/maven/surefire/surefire-api/3.0.0-M5/surefire-api-3.0.0-M5.jar:/home/jgunter/.m2/repository/org/apache/maven/surefire/surefire-logger-api/3.0.0-M5/surefire-logger-api-3.0.0-M5.jar:/home/jgunter/.m2/repository/org/apache/maven/surefire/surefire-extensions-api/3.0.0-M5/surefire-extensions-api-3.0.0-M5.jar:/home/jgunter/.m2/repository/org/apache/maven/surefire/surefire-booter/3.0.0-M5/surefire-booter-3.0.0-M5.jar:/home/jgunter/.m2/repository/org/apache/maven/surefire/surefire-extensions-spi/3.0.0-M5/surefire-extensions-spi-3.0.0-M5.jar:/home/jgunter/.m2/repository/org/apache/maven/maven-toolchain/3.0-alpha-2/maven-toolchain-3.0-alpha-2.jar:/home/jgunter/.m2/repository/org/apache/maven/shared/maven-artifact-transfer/0.11.0/maven-artifact-transfer-0.11.0.jar:/home/jgunter/.m2/repository/org/apache/maven/shared/maven-common-artifact-filters/3.0.1/maven-common-artifact-filters-3.0.1.jar:/home/jgunter/.m2/repository/org/sonatype/sisu/sisu-inject-plexus/1.4.2/sisu-inject-plexus-1.4.2.jar:/home/jgunter/.m2/repository/org/sonatype/sisu/sisu-inject-bean/1.4.2/sisu-inject-bean-1.4.2.jar:/home/jgunter/.m2/repository/org/sonatype/sisu/sisu-guice/2.1.7/sisu-guice-2.1.7-noaop.jar:/home/jgunter/.m2/repository/org/codehaus/plexus/plexus-java/1.0.5/plexus-java-1.0.5.jar:/home/jgunter/.m2/repository/org/ow2/asm/asm/7.2/asm-7.2.jar:/home/jgunter/.m2/repository/org/apache/maven/surefire/surefire-shared-utils/3.0.0-M4/surefire-shared-utils-3.0.0-M4.jar:/home/jgunter/.m2/repository/org/apache/maven/maven-artifact/3.8.4/maven-artifact-3.8.4.jar:/home/jgunter/.m2/repository/org/apache/maven/maven-compat/3.8.4/maven-compat-3.8.4.jar:/home/jgunter/.m2/repository/org/apache/maven/maven-model/3.8.4/maven-model-3.8.4.jar:/home/jgunter/.m2/repository/org/apache/maven/maven-model-builder/3.8.4/maven-model-builder-3.8.4.jar:/home/jgunter/.m2/repository/javax/inject/javax.inject/1/javax.inject-1.jar:/home/jgunter/.m2/repository/org/apache/maven/maven-builder-support/3.8.4/maven-builder-support-3.8.4.jar:/home/jgunter/.m2/repository/org/eclipse/sisu/org.eclipse.sisu.inject/0.3.5/org.eclipse.sisu.inject-0.3.5.jar:/home/jgunter/.m2/repository/org/apache/maven/maven-settings/3.8.4/maven-settings-3.8.4.jar:/home/jgunter/.m2/repository/org/apache/maven/maven-settings-builder/3.8.4/maven-settings-builder-3.8.4.jar:/home/jgunter/.m2/repository/org/codehaus/plexus/plexus-sec-dispatcher/2.0/plexus-sec-dispatcher-2.0.jar:/home/jgunter/.m2/repository/org/codehaus/plexus/plexus-cipher/2.0/plexus-cipher-2.0.jar:/home/jgunter/.m2/repository/org/apache/maven/maven-core/3.8.4/maven-core-3.8.4.jar:/home/jgunter/.m2/repository/org/apache/maven/resolver/maven-resolver-spi/1.6.3/maven-resolver-spi-1.6.3.jar:/home/jgunter/.m2/repository/org/apache/maven/shared/maven-shared-utils/3.3.4/maven-shared-utils-3.3.4.jar:/home/jgunter/.m2/repository/com/google/inject/guice/4.2.2/guice-4.2.2-no_aop.jar:/home/jgunter/.m2/repository/aopalliance/aopalliance/1.0/aopalliance-1.0.jar:/home/jgunter/.m2/repository/org/apache/maven/maven-resolver-provider/3.8.4/maven-resolver-provider-3.8.4.jar:/home/jgunter/.m2/repository/org/apache/maven/maven-repository-metadata/3.8.4/maven-repository-metadata-3.8.4.jar:/home/jgunter/.m2/repository/org/apache/maven/resolver/maven-resolver-api/1.6.3/maven-resolver-api-1.6.3.jar:/home/jgunter/.m2/repository/org/apache/maven/resolver/maven-resolver-util/1.6.3/maven-resolver-util-1.6.3.jar:/home/jgunter/.m2/repository/org/apache/maven/resolver/maven-resolver-impl/1.6.3/maven-resolver-impl-1.6.3.jar:/home/jgunter/.m2/repository/org/codehaus/plexus/plexus-interpolation/1.26/plexus-interpolation-1.26.jar:/home/jgunter/.m2/repository/org/eclipse/sisu/org.eclipse.sisu.plexus/0.3.5/org.eclipse.sisu.plexus-0.3.5.jar:/home/jgunter/.m2/repository/javax/annotation/javax.annotation-api/1.2/javax.annotation-api-1.2.jar:/home/jgunter/.m2/repository/org/codehaus/plexus/plexus-component-annotations/2.1.0/plexus-component-annotations-2.1.0.jar:/home/jgunter/.m2/repository/org/apache/maven/wagon/wagon-provider-api/3.4.3/wagon-provider-api-3.4.3.jar:/home/jgunter/.m2/repository/org/apache/maven/maven-plugin-api/3.8.4/maven-plugin-api-3.8.4.jar:/home/jgunter/.m2/repository/org/codehaus/plexus/plexus-classworlds/2.6.0/plexus-classworlds-2.6.0.jar:/home/jgunter/.m2/repository/com/typesafe/config/1.4.2/config-1.4.2.jar:/home/jgunter/.m2/repository/com/epam/healenium/tree-comparing/0.4.10/tree-comparing-0.4.10.jar:/home/jgunter/.m2/repository/org/apache/commons/commons-text/1.6/commons-text-1.6.jar:/home/jgunter/.m2/repository/org/slf4j/slf4j-simple/1.7.30/slf4j-simple-1.7.30.jar:/home/jgunter/.m2/repository/commons-codec/commons-codec/1.15/commons-codec-1.15.jar:/home/jgunter/.m2/repository/com/squareup/okhttp3/okhttp/4.9.3/okhttp-4.9.3.jar:/home/jgunter/.m2/repository/com/squareup/okio/okio/2.8.0/okio-2.8.0.jar:/home/jgunter/.m2/repository/org/jetbrains/kotlin/kotlin-stdlib-common/1.4.0/kotlin-stdlib-common-1.4.0.jar:/home/jgunter/.m2/repository/org/jetbrains/kotlin/kotlin-stdlib/1.4.10/kotlin-stdlib-1.4.10.jar:/home/jgunter/.m2/repository/org/jetbrains/annotations/23.0.0/annotations-23.0.0.jar:/home/jgunter/.m2/repository/org/mapstruct/mapstruct/1.4.2.Final/mapstruct-1.4.2.Final.jar:/home/jgunter/.m2/repository/org/projectlombok/lombok/1.18.22/lombok-1.18.22.jar:/home/jgunter/.m2/repository/one/util/streamex/0.8.1/streamex-0.8.1.jar:/home/jgunter/.m2/repository/org/eclipse/jetty/jetty-server/10.0.10/jetty-server-10.0.10.jar:/home/jgunter/.m2/repository/org/eclipse/jetty/toolchain/jetty-servlet-api/4.0.6/jetty-servlet-api-4.0.6.jar:/home/jgunter/.m2/repository/org/eclipse/jetty/jetty-http/10.0.10/jetty-http-10.0.10.jar:/home/jgunter/.m2/repository/org/eclipse/jetty/jetty-util/10.0.10/jetty-util-10.0.10.jar:/home/jgunter/.m2/repository/org/eclipse/jetty/jetty-io/10.0.10/jetty-io-10.0.10.jar:/home/jgunter/.m2/repository/com/codeborne/selenide/6.1.1/selenide-6.1.1.jar:/home/jgunter/.m2/repository/com/codeborne/selenide-core/6.1.1/selenide-core-6.1.1.jar:/home/jgunter/.m2/repository/org/testcontainers/junit-jupiter/1.16.3/junit-jupiter-1.16.3.jar:/home/jgunter/.m2/repository/org/testcontainers/testcontainers/1.16.3/testcontainers-1.16.3.jar:/home/jgunter/.m2/repository/org/rnorth/duct-tape/duct-tape/1.0.8/duct-tape-1.0.8.jar:/home/jgunter/.m2/repository/com/github/docker-java/docker-java-transport-zerodep/3.2.12/docker-java-transport-zerodep-3.2.12.jar:/home/jgunter/.m2/repository/org/mapstruct/mapstruct-processor/1.4.2.Final/mapstruct-processor-1.4.2.Final.jar:"/>
    <property name="java.vm.vendor" value="Amazon.com Inc."/>
    <property name="sun.arch.data.model" value="64"/>
    <property name="java.vendor.url" value="https://aws.amazon.com/corretto/"/>
    <property name="user.timezone" value="Europe/Dublin"/>
    <property name="os.name" value="Linux"/>
    <property name="java.vm.specification.version" value="18"/>
    <property name="sun.java.launcher" value="SUN_STANDARD"/>
    <property name="user.country" value="IE"/>
    <property name="sun.boot.library.path" value="/home/jgunter/.jdks/corretto-18.0.2/lib"/>
    <property name="sun.java.command" value="/home/jgunter/healeniumTestingRepo/target/surefire/surefirebooter-20221023170050261_3.jar /home/jgunter/healeniumTestingRepo/target/surefire 2022-10-23T17-00-49_598-jvmRun1 surefire-20221023170050261_1tmp surefire_0-20221023170050261_2tmp"/>
    <property name="jdk.debug" value="release"/>
    <property name="surefire.test.class.path" value="/home/jgunter/healeniumTestingRepo/target/test-classes:/home/jgunter/healeniumTestingRepo/target/classes:/home/jgunter/.m2/repository/io/cucumber/gherkin/24.0.0/gherkin-24.0.0.jar:/home/jgunter/.m2/repository/io/cucumber/messages/19.1.4/messages-19.1.4.jar:/home/jgunter/.m2/repository/io/cucumber/cucumber-groovy/6.10.4/cucumber-groovy-6.10.4.jar:/home/jgunter/.m2/repository/com/google/auto/service/auto-service/1.0-rc6/auto-service-1.0-rc6.jar:/home/jgunter/.m2/repository/com/google/auto/auto-common/0.10/auto-common-0.10.jar:/home/jgunter/.m2/repository/io/cucumber/cucumber-junit/7.8.0/cucumber-junit-7.8.0.jar:/home/jgunter/.m2/repository/org/apiguardian/apiguardian-api/1.1.2/apiguardian-api-1.1.2.jar:/home/jgunter/.m2/repository/io/cucumber/cucumber-junit-platform-engine/7.8.0/cucumber-junit-platform-engine-7.8.0.jar:/home/jgunter/.m2/repository/org/junit/platform/junit-platform-engine/1.9.0/junit-platform-engine-1.9.0.jar:/home/jgunter/.m2/repository/org/opentest4j/opentest4j/1.2.0/opentest4j-1.2.0.jar:/home/jgunter/.m2/repository/org/junit/platform/junit-platform-commons/1.9.0/junit-platform-commons-1.9.0.jar:/home/jgunter/.m2/repository/io/cucumber/cucumber-java/7.8.0/cucumber-java-7.8.0.jar:/home/jgunter/.m2/repository/io/cucumber/cucumber-core/7.8.0/cucumber-core-7.8.0.jar:/home/jgunter/.m2/repository/io/cucumber/cucumber-gherkin/7.8.0/cucumber-gherkin-7.8.0.jar:/home/jgunter/.m2/repository/io/cucumber/cucumber-gherkin-messages/7.8.0/cucumber-gherkin-messages-7.8.0.jar:/home/jgunter/.m2/repository/io/cucumber/tag-expressions/4.1.0/tag-expressions-4.1.0.jar:/home/jgunter/.m2/repository/io/cucumber/cucumber-expressions/16.0.0/cucumber-expressions-16.0.0.jar:/home/jgunter/.m2/repository/io/cucumber/datatable/7.8.0/datatable-7.8.0.jar:/home/jgunter/.m2/repository/io/cucumber/cucumber-plugin/7.8.0/cucumber-plugin-7.8.0.jar:/home/jgunter/.m2/repository/io/cucumber/docstring/7.8.0/docstring-7.8.0.jar:/home/jgunter/.m2/repository/io/cucumber/html-formatter/20.1.0/html-formatter-20.1.0.jar:/home/jgunter/.m2/repository/io/cucumber/ci-environment/9.1.0/ci-environment-9.1.0.jar:/home/jgunter/.m2/repository/net/masterthought/cucumber-reporting/5.7.2/cucumber-reporting-5.7.2.jar:/home/jgunter/.m2/repository/com/fasterxml/jackson/core/jackson-databind/2.13.2.2/jackson-databind-2.13.2.2.jar:/home/jgunter/.m2/repository/com/fasterxml/jackson/core/jackson-annotations/2.13.2/jackson-annotations-2.13.2.jar:/home/jgunter/.m2/repository/com/fasterxml/jackson/core/jackson-core/2.13.2/jackson-core-2.13.2.jar:/home/jgunter/.m2/repository/com/fasterxml/jackson/datatype/jackson-datatype-jsr310/2.13.2/jackson-datatype-jsr310-2.13.2.jar:/home/jgunter/.m2/repository/org/apache/velocity/velocity-engine-core/2.3/velocity-engine-core-2.3.jar:/home/jgunter/.m2/repository/commons-collections/commons-collections/3.2.2/commons-collections-3.2.2.jar:/home/jgunter/.m2/repository/joda-time/joda-time/2.10.14/joda-time-2.10.14.jar:/home/jgunter/.m2/repository/org/apache/commons/commons-lang3/3.12.0/commons-lang3-3.12.0.jar:/home/jgunter/.m2/repository/commons-io/commons-io/2.7/commons-io-2.7.jar:/home/jgunter/.m2/repository/org/codehaus/plexus/plexus-utils/3.4.2/plexus-utils-3.4.2.jar:/home/jgunter/.m2/repository/org/jsoup/jsoup/1.15.1/jsoup-1.15.1.jar:/home/jgunter/.m2/repository/com/google/guava/guava/31.1-jre/guava-31.1-jre.jar:/home/jgunter/.m2/repository/com/google/guava/failureaccess/1.0.1/failureaccess-1.0.1.jar:/home/jgunter/.m2/repository/com/google/guava/listenablefuture/9999.0-empty-to-avoid-conflict-with-guava/listenablefuture-9999.0-empty-to-avoid-conflict-with-guava.jar:/home/jgunter/.m2/repository/com/google/code/findbugs/jsr305/3.0.2/jsr305-3.0.2.jar:/home/jgunter/.m2/repository/org/checkerframework/checker-qual/3.12.0/checker-qual-3.12.0.jar:/home/jgunter/.m2/repository/com/google/errorprone/error_prone_annotations/2.11.0/error_prone_annotations-2.11.0.jar:/home/jgunter/.m2/repository/com/google/j2objc/j2objc-annotations/1.3/j2objc-annotations-1.3.jar:/home/jgunter/.m2/repository/com/googlecode/owasp-java-html-sanitizer/owasp-java-html-sanitizer/20211018.2/owasp-java-html-sanitizer-20211018.2.jar:/home/jgunter/.m2/repository/commons-configuration/commons-configuration/1.10/commons-configuration-1.10.jar:/home/jgunter/.m2/repository/commons-lang/commons-lang/2.6/commons-lang-2.6.jar:/home/jgunter/.m2/repository/commons-logging/commons-logging/1.1.1/commons-logging-1.1.1.jar:/home/jgunter/.m2/repository/junit/junit/4.13.2/junit-4.13.2.jar:/home/jgunter/.m2/repository/org/hamcrest/hamcrest-core/1.3/hamcrest-core-1.3.jar:/home/jgunter/.m2/repository/org/junit/vintage/junit-vintage-engine/5.9.0/junit-vintage-engine-5.9.0.jar:/home/jgunter/.m2/repository/org/junit/platform/junit-platform-suite/1.9.0/junit-platform-suite-1.9.0.jar:/home/jgunter/.m2/repository/org/junit/platform/junit-platform-suite-api/1.9.0/junit-platform-suite-api-1.9.0.jar:/home/jgunter/.m2/repository/org/junit/platform/junit-platform-suite-engine/1.9.0/junit-platform-suite-engine-1.9.0.jar:/home/jgunter/.m2/repository/org/junit/platform/junit-platform-suite-commons/1.9.0/junit-platform-suite-commons-1.9.0.jar:/home/jgunter/.m2/repository/org/junit/jupiter/junit-jupiter-engine/5.9.0/junit-jupiter-engine-5.9.0.jar:/home/jgunter/.m2/repository/org/junit/jupiter/junit-jupiter-api/5.9.0/junit-jupiter-api-5.9.0.jar:/home/jgunter/.m2/repository/org/junit/jupiter/junit-jupiter/5.9.0/junit-jupiter-5.9.0.jar:/home/jgunter/.m2/repository/org/junit/jupiter/junit-jupiter-params/5.9.0/junit-jupiter-params-5.9.0.jar:/home/jgunter/.m2/repository/org/seleniumhq/selenium/selenium-api/4.3.0/selenium-api-4.3.0.jar:/home/jgunter/.m2/repository/org/seleniumhq/selenium/selenium-support/4.3.0/selenium-support-4.3.0.jar:/home/jgunter/.m2/repository/com/google/auto/service/auto-service-annotations/1.0.1/auto-service-annotations-1.0.1.jar:/home/jgunter/.m2/repository/net/bytebuddy/byte-buddy/1.12.10/byte-buddy-1.12.10.jar:/home/jgunter/.m2/repository/org/seleniumhq/selenium/selenium-json/4.3.0/selenium-json-4.3.0.jar:/home/jgunter/.m2/repository/org/seleniumhq/selenium/selenium-remote-driver/4.3.0/selenium-remote-driver-4.3.0.jar:/home/jgunter/.m2/repository/com/beust/jcommander/1.82/jcommander-1.82.jar:/home/jgunter/.m2/repository/io/netty/netty-buffer/4.1.78.Final/netty-buffer-4.1.78.Final.jar:/home/jgunter/.m2/repository/io/netty/netty-codec-http/4.1.78.Final/netty-codec-http-4.1.78.Final.jar:/home/jgunter/.m2/repository/io/netty/netty-codec/4.1.78.Final/netty-codec-4.1.78.Final.jar:/home/jgunter/.m2/repository/io/netty/netty-handler/4.1.78.Final/netty-handler-4.1.78.Final.jar:/home/jgunter/.m2/repository/io/netty/netty-common/4.1.78.Final/netty-common-4.1.78.Final.jar:/home/jgunter/.m2/repository/io/netty/netty-transport-classes-epoll/4.1.78.Final/netty-transport-classes-epoll-4.1.78.Final.jar:/home/jgunter/.m2/repository/io/netty/netty-transport-classes-kqueue/4.1.78.Final/netty-transport-classes-kqueue-4.1.78.Final.jar:/home/jgunter/.m2/repository/io/netty/netty-transport-native-epoll/4.1.78.Final/netty-transport-native-epoll-4.1.78.Final.jar:/home/jgunter/.m2/repository/io/netty/netty-transport-native-kqueue/4.1.78.Final/netty-transport-native-kqueue-4.1.78.Final.jar:/home/jgunter/.m2/repository/io/netty/netty-transport-native-unix-common/4.1.78.Final/netty-transport-native-unix-common-4.1.78.Final.jar:/home/jgunter/.m2/repository/io/netty/netty-transport/4.1.78.Final/netty-transport-4.1.78.Final.jar:/home/jgunter/.m2/repository/io/netty/netty-resolver/4.1.78.Final/netty-resolver-4.1.78.Final.jar:/home/jgunter/.m2/repository/io/opentelemetry/opentelemetry-api/1.15.0/opentelemetry-api-1.15.0.jar:/home/jgunter/.m2/repository/io/opentelemetry/opentelemetry-context/1.15.0/opentelemetry-context-1.15.0.jar:/home/jgunter/.m2/repository/io/opentelemetry/opentelemetry-exporter-logging/1.15.0/opentelemetry-exporter-logging-1.15.0.jar:/home/jgunter/.m2/repository/io/opentelemetry/opentelemetry-sdk-metrics/1.15.0/opentelemetry-sdk-metrics-1.15.0.jar:/home/jgunter/.m2/repository/io/opentelemetry/opentelemetry-sdk-logs/1.15.0-alpha/opentelemetry-sdk-logs-1.15.0-alpha.jar:/home/jgunter/.m2/repository/io/opentelemetry/opentelemetry-sdk-common/1.15.0/opentelemetry-sdk-common-1.15.0.jar:/home/jgunter/.m2/repository/io/opentelemetry/opentelemetry-sdk-extension-autoconfigure-spi/1.15.0/opentelemetry-sdk-extension-autoconfigure-spi-1.15.0.jar:/home/jgunter/.m2/repository/io/opentelemetry/opentelemetry-sdk-extension-autoconfigure/1.15.0-alpha/opentelemetry-sdk-extension-autoconfigure-1.15.0-alpha.jar:/home/jgunter/.m2/repository/io/opentelemetry/opentelemetry-sdk-trace/1.15.0/opentelemetry-sdk-trace-1.15.0.jar:/home/jgunter/.m2/repository/io/opentelemetry/opentelemetry-sdk/1.15.0/opentelemetry-sdk-1.15.0.jar:/home/jgunter/.m2/repository/io/opentelemetry/opentelemetry-semconv/1.15.0-alpha/opentelemetry-semconv-1.15.0-alpha.jar:/home/jgunter/.m2/repository/io/ous/jtoml/2.0.0/jtoml-2.0.0.jar:/home/jgunter/.m2/repository/org/apache/commons/commons-exec/1.3/commons-exec-1.3.jar:/home/jgunter/.m2/repository/org/asynchttpclient/async-http-client/2.12.3/async-http-client-2.12.3.jar:/home/jgunter/.m2/repository/org/asynchttpclient/async-http-client-netty-utils/2.12.3/async-http-client-netty-utils-2.12.3.jar:/home/jgunter/.m2/repository/io/netty/netty-codec-socks/4.1.60.Final/netty-codec-socks-4.1.60.Final.jar:/home/jgunter/.m2/repository/io/netty/netty-handler-proxy/4.1.60.Final/netty-handler-proxy-4.1.60.Final.jar:/home/jgunter/.m2/repository/io/netty/netty-transport-native-epoll/4.1.60.Final/netty-transport-native-epoll-4.1.60.Final-linux-x86_64.jar:/home/jgunter/.m2/repository/io/netty/netty-transport-native-kqueue/4.1.60.Final/netty-transport-native-kqueue-4.1.60.Final-osx-x86_64.jar:/home/jgunter/.m2/repository/org/reactivestreams/reactive-streams/1.0.3/reactive-streams-1.0.3.jar:/home/jgunter/.m2/repository/com/typesafe/netty/netty-reactive-streams/2.0.4/netty-reactive-streams-2.0.4.jar:/home/jgunter/.m2/repository/com/sun/activation/jakarta.activation/1.2.2/jakarta.activation-1.2.2.jar:/home/jgunter/.m2/repository/org/seleniumhq/selenium/selenium-http/4.3.0/selenium-http-4.3.0.jar:/home/jgunter/.m2/repository/dev/failsafe/failsafe/3.2.4/failsafe-3.2.4.jar:/home/jgunter/.m2/repository/org/seleniumhq/selenium/selenium-java/4.3.0/selenium-java-4.3.0.jar:/home/jgunter/.m2/repository/org/seleniumhq/selenium/selenium-devtools-v101/4.3.0/selenium-devtools-v101-4.3.0.jar:/home/jgunter/.m2/repository/org/seleniumhq/selenium/selenium-devtools-v102/4.3.0/selenium-devtools-v102-4.3.0.jar:/home/jgunter/.m2/repository/org/seleniumhq/selenium/selenium-devtools-v103/4.3.0/selenium-devtools-v103-4.3.0.jar:/home/jgunter/.m2/repository/org/seleniumhq/selenium/selenium-devtools-v85/4.3.0/selenium-devtools-v85-4.3.0.jar:/home/jgunter/.m2/repository/org/seleniumhq/selenium/selenium-edge-driver/4.3.0/selenium-edge-driver-4.3.0.jar:/home/jgunter/.m2/repository/org/seleniumhq/selenium/selenium-firefox-driver/4.3.0/selenium-firefox-driver-4.3.0.jar:/home/jgunter/.m2/repository/org/seleniumhq/selenium/selenium-ie-driver/4.3.0/selenium-ie-driver-4.3.0.jar:/home/jgunter/.m2/repository/org/seleniumhq/selenium/selenium-opera-driver/4.3.0/selenium-opera-driver-4.3.0.jar:/home/jgunter/.m2/repository/org/seleniumhq/selenium/selenium-safari-driver/4.3.0/selenium-safari-driver-4.3.0.jar:/home/jgunter/.m2/repository/org/seleniumhq/selenium/selenium-chrome-driver/4.3.0/selenium-chrome-driver-4.3.0.jar:/home/jgunter/.m2/repository/org/seleniumhq/selenium/selenium-chromium-driver/4.3.0/selenium-chromium-driver-4.3.0.jar:/home/jgunter/.m2/repository/io/github/bonigarcia/webdrivermanager/5.3.0/webdrivermanager-5.3.0.jar:/home/jgunter/.m2/repository/org/slf4j/slf4j-api/1.7.36/slf4j-api-1.7.36.jar:/home/jgunter/.m2/repository/com/google/code/gson/gson/2.9.1/gson-2.9.1.jar:/home/jgunter/.m2/repository/com/github/docker-java/docker-java/3.2.13/docker-java-3.2.13.jar:/home/jgunter/.m2/repository/com/github/docker-java/docker-java-core/3.2.13/docker-java-core-3.2.13.jar:/home/jgunter/.m2/repository/com/github/docker-java/docker-java-api/3.2.13/docker-java-api-3.2.13.jar:/home/jgunter/.m2/repository/org/apache/commons/commons-compress/1.21/commons-compress-1.21.jar:/home/jgunter/.m2/repository/org/bouncycastle/bcpkix-jdk15on/1.64/bcpkix-jdk15on-1.64.jar:/home/jgunter/.m2/repository/org/bouncycastle/bcprov-jdk15on/1.64/bcprov-jdk15on-1.64.jar:/home/jgunter/.m2/repository/org/slf4j/jcl-over-slf4j/1.7.30/jcl-over-slf4j-1.7.30.jar:/home/jgunter/.m2/repository/com/github/docker-java/docker-java-transport-httpclient5/3.2.13/docker-java-transport-httpclient5-3.2.13.jar:/home/jgunter/.m2/repository/com/github/docker-java/docker-java-transport/3.2.13/docker-java-transport-3.2.13.jar:/home/jgunter/.m2/repository/net/java/dev/jna/jna/5.8.0/jna-5.8.0.jar:/home/jgunter/.m2/repository/org/brotli/dec/0.1.2/dec-0.1.2.jar:/home/jgunter/.m2/repository/org/apache/httpcomponents/client5/httpclient5/5.1.3/httpclient5-5.1.3.jar:/home/jgunter/.m2/repository/org/apache/httpcomponents/core5/httpcore5/5.1.3/httpcore5-5.1.3.jar:/home/jgunter/.m2/repository/org/apache/httpcomponents/core5/httpcore5-h2/5.1.3/httpcore5-h2-5.1.3.jar:/home/jgunter/.m2/repository/org/apache/directory/studio/org.apache.commons.io/2.4/org.apache.commons.io-2.4.jar:/home/jgunter/.m2/repository/org/codehaus/groovy/groovy/3.0.12/groovy-3.0.12.jar:/home/jgunter/.m2/repository/org/codehaus/groovy/groovy-ant/3.0.12/groovy-ant-3.0.12.jar:/home/jgunter/.m2/repository/org/apache/ant/ant/1.10.12/ant-1.10.12.jar:/home/jgunter/.m2/repository/org/apache/ant/ant-junit/1.10.12/ant-junit-1.10.12.jar:/home/jgunter/.m2/repository/org/apache/ant/ant-launcher/1.10.12/ant-launcher-1.10.12.jar:/home/jgunter/.m2/repository/org/apache/ant/ant-antlr/1.10.12/ant-antlr-1.10.12.jar:/home/jgunter/.m2/repository/org/codehaus/groovy/groovy-astbuilder/3.0.12/groovy-astbuilder-3.0.12.jar:/home/jgunter/.m2/repository/org/codehaus/groovy/groovy-cli-picocli/3.0.12/groovy-cli-picocli-3.0.12.jar:/home/jgunter/.m2/repository/info/picocli/picocli/4.6.3/picocli-4.6.3.jar:/home/jgunter/.m2/repository/org/codehaus/groovy/groovy-console/3.0.12/groovy-console-3.0.12.jar:/home/jgunter/.m2/repository/org/codehaus/groovy/groovy-datetime/3.0.12/groovy-datetime-3.0.12.jar:/home/jgunter/.m2/repository/org/codehaus/groovy/groovy-docgenerator/3.0.12/groovy-docgenerator-3.0.12.jar:/home/jgunter/.m2/repository/com/thoughtworks/qdox/qdox/1.12.1/qdox-1.12.1.jar:/home/jgunter/.m2/repository/org/codehaus/groovy/groovy-groovydoc/3.0.12/groovy-groovydoc-3.0.12.jar:/home/jgunter/.m2/repository/com/github/javaparser/javaparser-core/3.24.2/javaparser-core-3.24.2.jar:/home/jgunter/.m2/repository/org/codehaus/groovy/groovy-groovysh/3.0.12/groovy-groovysh-3.0.12.jar:/home/jgunter/.m2/repository/jline/jline/2.14.6/jline-2.14.6.jar:/home/jgunter/.m2/repository/org/codehaus/groovy/groovy-jmx/3.0.12/groovy-jmx-3.0.12.jar:/home/jgunter/.m2/repository/org/codehaus/groovy/groovy-json/3.0.12/groovy-json-3.0.12.jar:/home/jgunter/.m2/repository/org/codehaus/groovy/groovy-jsr223/3.0.12/groovy-jsr223-3.0.12.jar:/home/jgunter/.m2/repository/org/codehaus/groovy/groovy-macro/3.0.12/groovy-macro-3.0.12.jar:/home/jgunter/.m2/repository/org/codehaus/groovy/groovy-nio/3.0.12/groovy-nio-3.0.12.jar:/home/jgunter/.m2/repository/org/codehaus/groovy/groovy-servlet/3.0.12/groovy-servlet-3.0.12.jar:/home/jgunter/.m2/repository/org/codehaus/groovy/groovy-sql/3.0.12/groovy-sql-3.0.12.jar:/home/jgunter/.m2/repository/org/codehaus/groovy/groovy-swing/3.0.12/groovy-swing-3.0.12.jar:/home/jgunter/.m2/repository/org/codehaus/groovy/groovy-templates/3.0.12/groovy-templates-3.0.12.jar:/home/jgunter/.m2/repository/org/codehaus/groovy/groovy-test/3.0.12/groovy-test-3.0.12.jar:/home/jgunter/.m2/repository/org/codehaus/groovy/groovy-test-junit5/3.0.12/groovy-test-junit5-3.0.12.jar:/home/jgunter/.m2/repository/org/junit/platform/junit-platform-launcher/1.8.2/junit-platform-launcher-1.8.2.jar:/home/jgunter/.m2/repository/org/codehaus/groovy/groovy-testng/3.0.12/groovy-testng-3.0.12.jar:/home/jgunter/.m2/repository/org/testng/testng/7.5/testng-7.5.jar:/home/jgunter/.m2/repository/org/webjars/jquery/3.5.1/jquery-3.5.1.jar:/home/jgunter/.m2/repository/org/codehaus/groovy/groovy-xml/3.0.12/groovy-xml-3.0.12.jar:/home/jgunter/.m2/repository/com/epam/healenium/healenium-web/3.3.0/healenium-web-3.3.0.jar:/home/jgunter/.m2/repository/org/apache/maven/plugins/maven-surefire-plugin/3.0.0-M5/maven-surefire-plugin-3.0.0-M5.jar:/home/jgunter/.m2/repository/org/apache/maven/surefire/maven-surefire-common/3.0.0-M5/maven-surefire-common-3.0.0-M5.jar:/home/jgunter/.m2/repository/org/apache/maven/surefire/surefire-api/3.0.0-M5/surefire-api-3.0.0-M5.jar:/home/jgunter/.m2/repository/org/apache/maven/surefire/surefire-logger-api/3.0.0-M5/surefire-logger-api-3.0.0-M5.jar:/home/jgunter/.m2/repository/org/apache/maven/surefire/surefire-extensions-api/3.0.0-M5/surefire-extensions-api-3.0.0-M5.jar:/home/jgunter/.m2/repository/org/apache/maven/surefire/surefire-booter/3.0.0-M5/surefire-booter-3.0.0-M5.jar:/home/jgunter/.m2/repository/org/apache/maven/surefire/surefire-extensions-spi/3.0.0-M5/surefire-extensions-spi-3.0.0-M5.jar:/home/jgunter/.m2/repository/org/apache/maven/maven-toolchain/3.0-alpha-2/maven-toolchain-3.0-alpha-2.jar:/home/jgunter/.m2/repository/org/apache/maven/shared/maven-artifact-transfer/0.11.0/maven-artifact-transfer-0.11.0.jar:/home/jgunter/.m2/repository/org/apache/maven/shared/maven-common-artifact-filters/3.0.1/maven-common-artifact-filters-3.0.1.jar:/home/jgunter/.m2/repository/org/sonatype/sisu/sisu-inject-plexus/1.4.2/sisu-inject-plexus-1.4.2.jar:/home/jgunter/.m2/repository/org/sonatype/sisu/sisu-inject-bean/1.4.2/sisu-inject-bean-1.4.2.jar:/home/jgunter/.m2/repository/org/sonatype/sisu/sisu-guice/2.1.7/sisu-guice-2.1.7-noaop.jar:/home/jgunter/.m2/repository/org/codehaus/plexus/plexus-java/1.0.5/plexus-java-1.0.5.jar:/home/jgunter/.m2/repository/org/ow2/asm/asm/7.2/asm-7.2.jar:/home/jgunter/.m2/repository/org/apache/maven/surefire/surefire-shared-utils/3.0.0-M4/surefire-shared-utils-3.0.0-M4.jar:/home/jgunter/.m2/repository/org/apache/maven/maven-artifact/3.8.4/maven-artifact-3.8.4.jar:/home/jgunter/.m2/repository/org/apache/maven/maven-compat/3.8.4/maven-compat-3.8.4.jar:/home/jgunter/.m2/repository/org/apache/maven/maven-model/3.8.4/maven-model-3.8.4.jar:/home/jgunter/.m2/repository/org/apache/maven/maven-model-builder/3.8.4/maven-model-builder-3.8.4.jar:/home/jgunter/.m2/repository/javax/inject/javax.inject/1/javax.inject-1.jar:/home/jgunter/.m2/repository/org/apache/maven/maven-builder-support/3.8.4/maven-builder-support-3.8.4.jar:/home/jgunter/.m2/repository/org/eclipse/sisu/org.eclipse.sisu.inject/0.3.5/org.eclipse.sisu.inject-0.3.5.jar:/home/jgunter/.m2/repository/org/apache/maven/maven-settings/3.8.4/maven-settings-3.8.4.jar:/home/jgunter/.m2/repository/org/apache/maven/maven-settings-builder/3.8.4/maven-settings-builder-3.8.4.jar:/home/jgunter/.m2/repository/org/codehaus/plexus/plexus-sec-dispatcher/2.0/plexus-sec-dispatcher-2.0.jar:/home/jgunter/.m2/repository/org/codehaus/plexus/plexus-cipher/2.0/plexus-cipher-2.0.jar:/home/jgunter/.m2/repository/org/apache/maven/maven-core/3.8.4/maven-core-3.8.4.jar:/home/jgunter/.m2/repository/org/apache/maven/resolver/maven-resolver-spi/1.6.3/maven-resolver-spi-1.6.3.jar:/home/jgunter/.m2/repository/org/apache/maven/shared/maven-shared-utils/3.3.4/maven-shared-utils-3.3.4.jar:/home/jgunter/.m2/repository/com/google/inject/guice/4.2.2/guice-4.2.2-no_aop.jar:/home/jgunter/.m2/repository/aopalliance/aopalliance/1.0/aopalliance-1.0.jar:/home/jgunter/.m2/repository/org/apache/maven/maven-resolver-provider/3.8.4/maven-resolver-provider-3.8.4.jar:/home/jgunter/.m2/repository/org/apache/maven/maven-repository-metadata/3.8.4/maven-repository-metadata-3.8.4.jar:/home/jgunter/.m2/repository/org/apache/maven/resolver/maven-resolver-api/1.6.3/maven-resolver-api-1.6.3.jar:/home/jgunter/.m2/repository/org/apache/maven/resolver/maven-resolver-util/1.6.3/maven-resolver-util-1.6.3.jar:/home/jgunter/.m2/repository/org/apache/maven/resolver/maven-resolver-impl/1.6.3/maven-resolver-impl-1.6.3.jar:/home/jgunter/.m2/repository/org/codehaus/plexus/plexus-interpolation/1.26/plexus-interpolation-1.26.jar:/home/jgunter/.m2/repository/org/eclipse/sisu/org.eclipse.sisu.plexus/0.3.5/org.eclipse.sisu.plexus-0.3.5.jar:/home/jgunter/.m2/repository/javax/annotation/javax.annotation-api/1.2/javax.annotation-api-1.2.jar:/home/jgunter/.m2/repository/org/codehaus/plexus/plexus-component-annotations/2.1.0/plexus-component-annotations-2.1.0.jar:/home/jgunter/.m2/repository/org/apache/maven/wagon/wagon-provider-api/3.4.3/wagon-provider-api-3.4.3.jar:/home/jgunter/.m2/repository/org/apache/maven/maven-plugin-api/3.8.4/maven-plugin-api-3.8.4.jar:/home/jgunter/.m2/repository/org/codehaus/plexus/plexus-classworlds/2.6.0/plexus-classworlds-2.6.0.jar:/home/jgunter/.m2/repository/com/typesafe/config/1.4.2/config-1.4.2.jar:/home/jgunter/.m2/repository/com/epam/healenium/tree-comparing/0.4.10/tree-comparing-0.4.10.jar:/home/jgunter/.m2/repository/org/apache/commons/commons-text/1.6/commons-text-1.6.jar:/home/jgunter/.m2/repository/org/slf4j/slf4j-simple/1.7.30/slf4j-simple-1.7.30.jar:/home/jgunter/.m2/repository/commons-codec/commons-codec/1.15/commons-codec-1.15.jar:/home/jgunter/.m2/repository/com/squareup/okhttp3/okhttp/4.9.3/okhttp-4.9.3.jar:/home/jgunter/.m2/repository/com/squareup/okio/okio/2.8.0/okio-2.8.0.jar:/home/jgunter/.m2/repository/org/jetbrains/kotlin/kotlin-stdlib-common/1.4.0/kotlin-stdlib-common-1.4.0.jar:/home/jgunter/.m2/repository/org/jetbrains/kotlin/kotlin-stdlib/1.4.10/kotlin-stdlib-1.4.10.jar:/home/jgunter/.m2/repository/org/jetbrains/annotations/23.0.0/annotations-23.0.0.jar:/home/jgunter/.m2/repository/org/mapstruct/mapstruct/1.4.2.Final/mapstruct-1.4.2.Final.jar:/home/jgunter/.m2/repository/org/projectlombok/lombok/1.18.22/lombok-1.18.22.jar:/home/jgunter/.m2/repository/one/util/streamex/0.8.1/streamex-0.8.1.jar:/home/jgunter/.m2/repository/org/eclipse/jetty/jetty-server/10.0.10/jetty-server-10.0.10.jar:/home/jgunter/.m2/repository/org/eclipse/jetty/toolchain/jetty-servlet-api/4.0.6/jetty-servlet-api-4.0.6.jar:/home/jgunter/.m2/repository/org/eclipse/jetty/jetty-http/10.0.10/jetty-http-10.0.10.jar:/home/jgunter/.m2/repository/org/eclipse/jetty/jetty-util/10.0.10/jetty-util-10.0.10.jar:/home/jgunter/.m2/repository/org/eclipse/jetty/jetty-io/10.0.10/jetty-io-10.0.10.jar:/home/jgunter/.m2/repository/com/codeborne/selenide/6.1.1/selenide-6.1.1.jar:/home/jgunter/.m2/repository/com/codeborne/selenide-core/6.1.1/selenide-core-6.1.1.jar:/home/jgunter/.m2/repository/org/testcontainers/junit-jupiter/1.16.3/junit-jupiter-1.16.3.jar:/home/jgunter/.m2/repository/org/testcontainers/testcontainers/1.16.3/testcontainers-1.16.3.jar:/home/jgunter/.m2/repository/org/rnorth/duct-tape/duct-tape/1.0.8/duct-tape-1.0.8.jar:/home/jgunter/.m2/repository/com/github/docker-java/docker-java-transport-zerodep/3.2.12/docker-java-transport-zerodep-3.2.12.jar:/home/jgunter/.m2/repository/org/mapstruct/mapstruct-processor/1.4.2.Final/mapstruct-processor-1.4.2.Final.jar:"/>
    <property name="sun.cpu.endian" value="little"/>
    <property name="user.home" value="/home/jgunter"/>
    <property name="user.language" value="en"/>
    <property name="java.specification.vendor" value="Oracle Corporation"/>
    <property name="java.version.date" value="2022-07-19"/>
    <property name="java.home" value="/home/jgunter/.jdks/corretto-18.0.2"/>
    <property name="file.separator" value="/"/>
    <property name="basedir" value="/home/jgunter/healeniumTestingRepo"/>
    <property name="java.vm.compressedOopsMode" value="32-bit"/>
    <property name="line.separator" value="&#10;"/>
    <property name="java.specification.name" value="Java Platform API Specification"/>
    <property name="java.vm.specification.vendor" value="Oracle Corporation"/>
    <property name="surefire.real.class.path" value="/home/jgunter/healeniumTestingRepo/target/surefire/surefirebooter-20221023170050261_3.jar"/>
    <property name="sun.management.compiler" value="HotSpot 64-Bit Tiered Compilers"/>
    <property name="java.runtime.version" value="18.0.2+9-FR"/>
    <property name="user.name" value="jgunter"/>
    <property name="path.separator" value=":"/>
    <property name="os.version" value="5.15.0-52-generic"/>
    <property name="java.runtime.name" value="OpenJDK Runtime Environment"/>
    <property name="file.encoding" value="UTF-8"/>
    <property name="java.vm.name" value="OpenJDK 64-Bit Server VM"/>
    <property name="java.vendor.version" value="Corretto-18.0.2.9.1"/>
    <property name="localRepository" value="/home/jgunter/.m2/repository"/>
    <property name="java.vendor.url.bug" value="https://github.com/corretto/corretto-18/issues/"/>
    <property name="java.io.tmpdir" value="/tmp"/>
    <property name="idea.version" value="2022.2.3"/>
    <property name="java.version" value="18.0.2"/>
    <property name="user.dir" value="/home/jgunter/healeniumTestingRepo"/>
    <property name="os.arch" value="amd64"/>
    <property name="java.vm.specification.name" value="Java Virtual Machine Specification"/>
    <property name="native.encoding" value="UTF-8"/>
    <property name="java.library.path" value="/usr/java/packages/lib:/usr/lib64:/lib64:/lib:/usr/lib"/>
    <property name="java.vm.info" value="mixed mode, sharing"/>
    <property name="java.vendor" value="Amazon.com Inc."/>
    <property name="java.vm.version" value="18.0.2+9-FR"/>
    <property name="sun.io.unicode.encoding" value="UnicodeLittle"/>
    <property name="java.class.version" value="62.0"/>
  </properties>
  <testcase name="Test Case 1" classname="Low Blood Pressure #2" time="17.259">
    <system-out><![CDATA[
@bpTest @test1
Scenario: Test Case 1                                                                     # src/test/resources/bloodPressureCalculatorTest1.feature:4
  Given user goes to the "Blood Pressure" application                                     # com.FeatureStepDefs.stepDefs.user_goes_to_the_application(java.lang.String)
  When user enters "70" in the Systolic field on the 'Blood Pressure' calculator page     # com.FeatureStepDefs.stepDefs.user_enters_in_the_systolic_field_on_the_calculator_page(java.lang.String,java.lang.String)
  When user enters "40" in the Diastolic field on the 'Blood Pressure' calculator page    # com.FeatureStepDefs.stepDefs.user_enters_in_the_diastolic_field_on_the_calculator_page(java.lang.String,java.lang.String)
  When user enters "40" in the Age field on the 'Blood Pressure' calculator page          # com.FeatureStepDefs.stepDefs.user_enters_in_the_age_field_on_the_calculator_page(java.lang.String,java.lang.String)
  Then user clicks on the submit button on the 'Blood Pressure' calculator page           # com.FeatureStepDefs.stepDefs.user_clicks_on_the_submit_button_on_the_calculator_page(java.lang.String)
  Then "Low Blood Pressure" results are displayed on the 'Blood Pressure' calculator page # com.FeatureStepDefs.stepDefs.results_are_displayed_on_the_calculator_page(java.lang.String,java.lang.String)
]]></system-out>
    <system-err><![CDATA[[main] INFO io.github.bonigarcia.wdm.WebDriverManager - Using chromedriver 106.0.5249.61 (resolved driver for Chrome 106)
[main] INFO io.github.bonigarcia.wdm.WebDriverManager - Exporting webdriver.chrome.driver as /home/jgunter/.cache/selenium/chromedriver/linux64/106.0.5249.61/chromedriver
Starting ChromeDriver 106.0.5249.61 (511755355844955cd3e264779baf0dd38212a4d0-refs/branch-heads/5249@{#569}) on port 53937
Only local connections are allowed.
Please see https://chromedriver.chromium.org/security-considerations for suggestions on keeping ChromeDriver safe.
ChromeDriver was started successfully.
Oct 23, 2022 5:00:58 P.M. org.openqa.selenium.remote.ProtocolHandshake createSession
INFO: Detected upstream dialect: W3C
Oct 23, 2022 5:00:58 P.M. org.openqa.selenium.devtools.CdpVersionFinder findNearestMatch
WARNING: Unable to find an exact match for CDP version 106, so returning the closest version found: 103
Oct 23, 2022 5:00:58 P.M. org.openqa.selenium.devtools.CdpVersionFinder findNearestMatch
INFO: Found CDP implementation for version 106 of 103
[main] WARN com.epam.healenium.processor.FindElementProcessor - Failed to find an element using locator By.cssSelector: input[value='Submit']
Reason: no such element: Unable to locate element: {"method":"css selector","selector":"input[value='Submit']"}
  (Session info: chrome=106.0.5249.119)
For documentation on this error, please visit: https://selenium.dev/exceptions/#no_such_element
Build info: version: '4.3.0', revision: 'a4995e2c09*'
System info: host: 'jgunter-VirtualBox', ip: '127.0.1.1', os.name: 'Linux', os.arch: 'amd64', os.version: '5.15.0-52-generic', java.version: '18.0.2'
Driver info: org.openqa.selenium.chrome.ChromeDriver
Command: [e5e63240da5a6958dc10aed3c794f43b, findElement {using=css selector, value=input[value='Submit']}]
Capabilities {acceptInsecureCerts: false, browserName: chrome, browserVersion: 106.0.5249.119, chrome: {chromedriverVersion: 106.0.5249.61 (511755355844..., userDataDir: /tmp/.com.google.Chrome.2lqdwb}, goog:chromeOptions: {debuggerAddress: localhost:43299}, networkConnectionEnabled: false, pageLoadStrategy: normal, platformName: LINUX, proxy: Proxy(), se:cdp: ws://localhost:43299/devtoo..., se:cdpVersion: 106.0.5249.119, setWindowRect: true, strictFileInteractability: false, timeouts: {implicit: 0, pageLoad: 300000, script: 30000}, unhandledPromptBehavior: dismiss and notify, webauthn:extension:credBlob: true, webauthn:extension:largeBlob: true, webauthn:virtualAuthenticators: true}
Session ID: e5e63240da5a6958dc10aed3c794f43b
Trying to heal...
[main] WARN com.epam.healenium.processor.SaveHealingResultsProcessor - Using healed locator: Scored(score=0.9938775510204081, value=By.cssSelector: input[value='Submits'])
]]></system-err>
  </testcase>
</testsuite>